  pch.cpp
  test.cpp
d:\c\consoleapplication3\c-newplayertest\consoleapplication3\test.cpp(107): warning C4305: “初始化”: 从“double”到“float”截断
d:\c\consoleapplication3\c-newplayertest\consoleapplication3\test.cpp(128): warning C4244: “=”: 从“double”转换到“T”，可能丢失数据
          with
          [
              T=float
          ]
  d:\c\consoleapplication3\c-newplayertest\consoleapplication3\test.cpp(109): note: 参见对正在编译的函数 模板 实例化“void sort<float>(T [],int)”的引用
          with
          [
              T=float
          ]
d:\c\consoleapplication3\c-newplayertest\consoleapplication3\test.cpp(128): warning C4244: “=”: 从“double”转换到“T”，可能丢失数据
          with
          [
              T=int
          ]
  d:\c\consoleapplication3\c-newplayertest\consoleapplication3\test.cpp(110): note: 参见对正在编译的函数 模板 实例化“void sort<int>(T [],int)”的引用
          with
          [
              T=int
          ]
  ConsoleApplication3.vcxproj -> D:\C\ConsoleApplication3\C-NewPlayerTest\ConsoleApplication3\x64\Debug\ConsoleApplication3.exe
